{"contracts/Raffle.sol":{"l":{"76":3,"77":3,"78":3,"79":3,"80":3,"81":3,"82":3,"83":3,"87":5,"88":1,"90":4,"91":1,"93":3,"94":3,"115":1,"116":1,"117":1,"118":1,"119":1,"123":1,"124":1,"125":0,"132":1,"133":1,"140":1,"147":0,"148":0,"149":0,"150":0,"151":0,"152":0,"154":0,"155":0,"156":0,"158":0,"163":5,"167":1,"171":0,"175":1,"179":0,"183":0,"187":0,"191":0,"195":5},"path":"/Users/arslanwl/hardhat-smartcontract-lottery-fcc/contracts/Raffle.sol","s":{"1":5,"2":4,"3":3,"4":3,"5":1,"6":1,"7":1,"8":1,"9":1,"10":1,"11":1,"12":1,"13":0,"14":0,"15":0,"16":0,"17":0,"18":5,"19":1,"20":0,"21":1,"22":0,"23":0,"24":0,"25":0,"26":5},"b":{"1":[1,4],"2":[1,3],"3":[0,1],"4":[0,0]},"f":{"1":3,"2":5,"3":1,"4":1,"5":0,"6":5,"7":1,"8":0,"9":1,"10":0,"11":0,"12":0,"13":0,"14":5},"fnMap":{"1":{"name":"constructor","line":75,"loc":{"start":{"line":68,"column":4},"end":{"line":84,"column":4}}},"2":{"name":"enterRaffle","line":86,"loc":{"start":{"line":86,"column":4},"end":{"line":95,"column":4}}},"3":{"name":"checkUpkeep","line":107,"loc":{"start":{"line":107,"column":4},"end":{"line":120,"column":4}}},"4":{"name":"performUpkeep","line":122,"loc":{"start":{"line":122,"column":4},"end":{"line":141,"column":4}}},"5":{"name":"fulfillRandomWords","line":143,"loc":{"start":{"line":143,"column":4},"end":{"line":159,"column":4}}},"6":{"name":"getEntranceFee","line":162,"loc":{"start":{"line":162,"column":4},"end":{"line":164,"column":4}}},"7":{"name":"getPlayer","line":166,"loc":{"start":{"line":166,"column":4},"end":{"line":168,"column":4}}},"8":{"name":"getRecentWinner","line":170,"loc":{"start":{"line":170,"column":4},"end":{"line":172,"column":4}}},"9":{"name":"getRaffleState","line":174,"loc":{"start":{"line":174,"column":4},"end":{"line":176,"column":4}}},"10":{"name":"getNumwords","line":178,"loc":{"start":{"line":178,"column":4},"end":{"line":180,"column":4}}},"11":{"name":"getNumberOfPlayers","line":182,"loc":{"start":{"line":182,"column":4},"end":{"line":184,"column":4}}},"12":{"name":"getLatestTimeStamp","line":186,"loc":{"start":{"line":186,"column":4},"end":{"line":188,"column":4}}},"13":{"name":"getRequestComfirmations","line":190,"loc":{"start":{"line":190,"column":4},"end":{"line":192,"column":4}}},"14":{"name":"getInterval","line":194,"loc":{"start":{"line":194,"column":4},"end":{"line":196,"column":4}}}},"statementMap":{"1":{"start":{"line":87,"column":8},"end":{"line":87,"column":2601}},"2":{"start":{"line":90,"column":8},"end":{"line":90,"column":2700}},"3":{"start":{"line":93,"column":8},"end":{"line":93,"column":40}},"4":{"start":{"line":94,"column":8},"end":{"line":94,"column":36}},"5":{"start":{"line":115,"column":8},"end":{"line":115,"column":55}},"6":{"start":{"line":116,"column":8},"end":{"line":116,"column":72}},"7":{"start":{"line":117,"column":8},"end":{"line":117,"column":46}},"8":{"start":{"line":118,"column":8},"end":{"line":118,"column":51}},"9":{"start":{"line":123,"column":8},"end":{"line":123,"column":47}},"10":{"start":{"line":124,"column":8},"end":{"line":124,"column":3944}},"11":{"start":{"line":133,"column":8},"end":{"line":133,"column":4199}},"12":{"start":{"line":140,"column":8},"end":{"line":140,"column":45}},"13":{"start":{"line":147,"column":8},"end":{"line":147,"column":63}},"14":{"start":{"line":148,"column":8},"end":{"line":148,"column":61}},"15":{"start":{"line":154,"column":8},"end":{"line":154,"column":77}},"16":{"start":{"line":155,"column":8},"end":{"line":155,"column":4965}},"17":{"start":{"line":158,"column":8},"end":{"line":158,"column":39}},"18":{"start":{"line":163,"column":8},"end":{"line":163,"column":26}},"19":{"start":{"line":167,"column":8},"end":{"line":167,"column":29}},"20":{"start":{"line":171,"column":8},"end":{"line":171,"column":29}},"21":{"start":{"line":175,"column":8},"end":{"line":175,"column":26}},"22":{"start":{"line":179,"column":8},"end":{"line":179,"column":24}},"23":{"start":{"line":183,"column":8},"end":{"line":183,"column":29}},"24":{"start":{"line":187,"column":8},"end":{"line":187,"column":28}},"25":{"start":{"line":191,"column":8},"end":{"line":191,"column":36}},"26":{"start":{"line":195,"column":8},"end":{"line":195,"column":23}}},"branchMap":{"1":{"line":87,"type":"if","locations":[{"start":{"line":87,"column":8},"end":{"line":87,"column":8}},{"start":{"line":87,"column":8},"end":{"line":87,"column":8}}]},"2":{"line":90,"type":"if","locations":[{"start":{"line":90,"column":8},"end":{"line":90,"column":8}},{"start":{"line":90,"column":8},"end":{"line":90,"column":8}}]},"3":{"line":124,"type":"if","locations":[{"start":{"line":124,"column":8},"end":{"line":124,"column":8}},{"start":{"line":124,"column":8},"end":{"line":124,"column":8}}]},"4":{"line":155,"type":"if","locations":[{"start":{"line":155,"column":8},"end":{"line":155,"column":8}},{"start":{"line":155,"column":8},"end":{"line":155,"column":8}}]}}},"contracts/test/VRFCoordinatorV2Mock.sol":{"l":{},"path":"/Users/arslanwl/hardhat-smartcontract-lottery-fcc/contracts/test/VRFCoordinatorV2Mock.sol","s":{},"b":{},"f":{},"fnMap":{},"statementMap":{},"branchMap":{}}}